0 info it worked if it ends with ok
1 verbose cli [
1 verbose cli   '/usr/local/bin/node',
1 verbose cli   '/usr/local/bin/npm',
1 verbose cli   'install',
1 verbose cli   '--save-dev',
1 verbose cli   'hardhat@^2.9.3',
1 verbose cli   '@nomiclabs/hardhat-waffle@^2.0.0',
1 verbose cli   'ethereum-waffle@^3.0.0',
1 verbose cli   'chai@^4.2.0',
1 verbose cli   '@nomiclabs/hardhat-ethers@^2.0.0',
1 verbose cli   'ethers@^5.0.0'
1 verbose cli ]
2 info using npm@3.10.10
3 info using node@v14.19.1
4 silly loadCurrentTree Starting
5 silly install loadCurrentTree
6 silly install readLocalPackageData
7 verbose stack TypeError: cb.apply is not a function
7 verbose stack     at /usr/local/lib/node_modules/npm/node_modules/graceful-fs/polyfills.js:267:18
7 verbose stack     at FSReqCallback.oncomplete (fs.js:192:5)
8 verbose cwd /home/gilberts/Documents/workshops_chainlink/2_TBA
9 error Linux 5.15.0-46-generic
10 error argv "/usr/local/bin/node" "/usr/local/bin/npm" "install" "--save-dev" "hardhat@^2.9.3" "@nomiclabs/hardhat-waffle@^2.0.0" "ethereum-waffle@^3.0.0" "chai@^4.2.0" "@nomiclabs/hardhat-ethers@^2.0.0" "ethers@^5.0.0"
11 error node v14.19.1
12 error npm  v3.10.10
13 error cb.apply is not a function
14 error If you need help, you may report this error at:
14 error     <https://github.com/npm/npm/issues>
15 verbose exit [ 1, true ]
